c:\users\home pc\desktop\github-repositories\tickets\tickets\tickets\debug\vc141.pdb
c:\users\home pc\desktop\github-repositories\tickets\tickets\tickets\debug\vc141.idb
c:\users\home pc\desktop\github-repositories\tickets\tickets\tickets\debug\main.obj
c:\users\home pc\desktop\github-repositories\tickets\tickets\tickets\debug\validator.obj
c:\users\home pc\desktop\github-repositories\tickets\tickets\tickets\debug\system.obj
c:\users\home pc\desktop\github-repositories\tickets\tickets\tickets\debug\opencommand.obj
c:\users\home pc\desktop\github-repositories\tickets\tickets\tickets\debug\invoker.obj
c:\users\home pc\desktop\github-repositories\tickets\tickets\tickets\debug\icommand.obj
c:\users\home pc\desktop\github-repositories\tickets\tickets\tickets\debug\hall.obj
c:\users\home pc\desktop\github-repositories\tickets\tickets\tickets\debug\event.obj
c:\users\home pc\desktop\github-repositories\tickets\tickets\tickets\debug\date.obj
c:\users\home pc\desktop\github-repositories\tickets\tickets\tickets\debug\saveascommand.obj
c:\users\home pc\desktop\github-repositories\tickets\tickets\tickets\debug\helpcommand.obj
c:\users\home pc\desktop\github-repositories\tickets\tickets\tickets\debug\exitcommand.obj
c:\users\home pc\desktop\github-repositories\tickets\tickets\tickets\debug\closecommand.obj
c:\users\home pc\desktop\github-repositories\tickets\tickets\tickets\debug\unbookcommand.obj
c:\users\home pc\desktop\github-repositories\tickets\tickets\tickets\debug\bookcommand.obj
c:\users\home pc\desktop\github-repositories\tickets\tickets\tickets\debug\savecommand.obj
c:\users\home pc\desktop\github-repositories\tickets\tickets\tickets\debug\freeseatscommand.obj
c:\users\home pc\desktop\github-repositories\tickets\tickets\tickets\debug\addeventcommand.obj
c:\users\home pc\desktop\github-repositories\tickets\tickets\tickets\debug\bookingcommand.obj
c:\users\home pc\desktop\github-repositories\tickets\tickets\tickets\debug\checkcommand.obj
c:\users\home pc\desktop\github-repositories\tickets\tickets\tickets\debug\undertencommand.obj
c:\users\home pc\desktop\github-repositories\tickets\tickets\tickets\debug\reportcommand.obj
c:\users\home pc\desktop\github-repositories\tickets\tickets\tickets\debug\mostwatchedcommand.obj
c:\users\home pc\desktop\github-repositories\tickets\tickets\tickets\debug\buycommand.obj
c:\users\home pc\desktop\github-repositories\tickets\tickets\tickets\debug\addhallcommand.obj
c:\users\home pc\desktop\github-repositories\tickets\tickets\debug\tickets.exe
c:\users\home pc\desktop\github-repositories\tickets\tickets\debug\tickets.ilk
c:\users\home pc\desktop\github-repositories\tickets\tickets\debug\tickets.pdb
c:\users\home pc\desktop\github-repositories\tickets\tickets\tickets\debug\icommand.obj.enc
c:\users\home pc\desktop\github-repositories\tickets\tickets\tickets\debug\main.obj.enc
c:\users\home pc\desktop\github-repositories\tickets\tickets\tickets\debug\system.obj.enc
c:\users\home pc\desktop\github-repositories\tickets\tickets\tickets\debug\validator.obj.enc
c:\users\home pc\desktop\github-repositories\tickets\tickets\tickets\debug\tickets.tlog\cl.command.1.tlog
c:\users\home pc\desktop\github-repositories\tickets\tickets\tickets\debug\tickets.tlog\cl.read.1.tlog
c:\users\home pc\desktop\github-repositories\tickets\tickets\tickets\debug\tickets.tlog\cl.write.1.tlog
c:\users\home pc\desktop\github-repositories\tickets\tickets\tickets\debug\tickets.tlog\link-cvtres.read.1.tlog
c:\users\home pc\desktop\github-repositories\tickets\tickets\tickets\debug\tickets.tlog\link-cvtres.write.1.tlog
c:\users\home pc\desktop\github-repositories\tickets\tickets\tickets\debug\tickets.tlog\link-rc.read.1.tlog
c:\users\home pc\desktop\github-repositories\tickets\tickets\tickets\debug\tickets.tlog\link-rc.write.1.tlog
c:\users\home pc\desktop\github-repositories\tickets\tickets\tickets\debug\tickets.tlog\link.18184-cvtres.read.1.tlog
c:\users\home pc\desktop\github-repositories\tickets\tickets\tickets\debug\tickets.tlog\link.18184-cvtres.write.1.tlog
c:\users\home pc\desktop\github-repositories\tickets\tickets\tickets\debug\tickets.tlog\link.18184-rc.read.1.tlog
c:\users\home pc\desktop\github-repositories\tickets\tickets\tickets\debug\tickets.tlog\link.18184-rc.write.1.tlog
c:\users\home pc\desktop\github-repositories\tickets\tickets\tickets\debug\tickets.tlog\link.18184.read.1.tlog
c:\users\home pc\desktop\github-repositories\tickets\tickets\tickets\debug\tickets.tlog\link.18184.write.1.tlog
c:\users\home pc\desktop\github-repositories\tickets\tickets\tickets\debug\tickets.tlog\link.command.1.tlog
c:\users\home pc\desktop\github-repositories\tickets\tickets\tickets\debug\tickets.tlog\link.read.1.tlog
c:\users\home pc\desktop\github-repositories\tickets\tickets\tickets\debug\tickets.tlog\link.write.1.tlog
